

HI-TECH Software PIC LITE Macro Assembler V9.81 build 7503 
                                                                                               Sat Aug 27 16:54:19 2016

HI-TECH Software Omniscient Code Generator (Lite mode) build 7503
     1  0000                     opt subtitle "HI-TECH Software Omniscient Code Generator (Lite mode) build 7503"
     2                           
     3                           opt pagewidth 120
     4                           
     5                           	opt lm
     6                           
     7                           	processor	16F887
     8                           clrc	macro
     9                           	bcf	3,0
    10  0000                     	endm
    11                           clrz	macro
    12                           	bcf	3,2
    13  0000                     	endm
    14                           setc	macro
    15                           	bsf	3,0
    16  0000                     	endm
    17                           setz	macro
    18                           	bsf	3,2
    19  0000                     	endm
    20                           skipc	macro
    21                           	btfss	3,0
    22  0000                     	endm
    23                           skipz	macro
    24                           	btfss	3,2
    25  0000                     	endm
    26                           skipnc	macro
    27                           	btfsc	3,0
    28  0000                     	endm
    29                           skipnz	macro
    30                           	btfsc	3,2
    31  0000                     	endm
    32  0000                     indf	equ	0
    33  0000                     indf0	equ	0
    34  0002                     pc	equ	2
    35  0002                     pcl	equ	2
    36  0003                     status	equ	3
    37  0004                     fsr	equ	4
    38  0004                     fsr0	equ	4
    39  0001                     c	equ	1
    40  0000                     z	equ	0
    41  000A                     pclath	equ	10
    42                           	FNCALL	_main,_cmd
    43                           	FNCALL	_main,_dat
    44                           	FNCALL	_dat,_Latch
    45                           	FNCALL	_cmd,_Latch
    46                           	FNCALL	_Latch,_delay
    47                           	FNROOT	_main
    48                           	global	_PORTB
    49                           psect	text138,local,class=CODE,delta=2
    50                           global __ptext138
    51  0000                     __ptext138:
    52  0006                     _PORTB	set	6
    53                           	global	_PORTC
    54  0007                     _PORTC	set	7
    55                           	global	_PORTD
    56  0008                     _PORTD	set	8
    57                           	global	_RCREG
    58  001A                     _RCREG	set	26
    59                           	global	_RCSTA
    60  0018                     _RCSTA	set	24
    61                           	global	_TXREG
    62  0019                     _TXREG	set	25
    63                           	global	_RC1
    64  0039                     _RC1	set	57
    65                           	global	_RCIF
    66  0065                     _RCIF	set	101
    67                           	global	_RD0
    68  0040                     _RD0	set	64
    69                           	global	_RD1
    70  0041                     _RD1	set	65
    71                           	global	_RD2
    72  0042                     _RD2	set	66
    73                           	global	_RD3
    74  0043                     _RD3	set	67
    75                           	global	_RD4
    76  0044                     _RD4	set	68
    77                           	global	_RD5
    78  0045                     _RD5	set	69
    79                           	global	_RD6
    80  0046                     _RD6	set	70
    81                           	global	_RD7
    82  0047                     _RD7	set	71
    83                           	global	_TXIF
    84  0064                     _TXIF	set	100
    85                           	global	_SPBRG
    86  0099                     _SPBRG	set	153
    87                           	global	_TRISB
    88  0086                     _TRISB	set	134
    89                           	global	_TRISC
    90  0087                     _TRISC	set	135
    91                           	global	_TRISD
    92  0088                     _TRISD	set	136
    93                           	global	_TXSTA
    94  0098                     _TXSTA	set	152
    95                           	global	_ANSELH
    96  0189                     _ANSELH	set	393
    97                           	file	"matlab.as"
    98                           	line	#
    99                           psect cinit,class=CODE,delta=2
   100                           global start_initialization
   101  072D                     start_initialization:
   102                           
   103                           psect cinit,class=CODE,delta=2
   104                           global end_of_initialization
   105                           
   106                           ;End of C runtime variable initialization code
   107                           
   108  072D                     end_of_initialization:
   109  072D  0183               clrf status
   110  072E  120A  118A  2F96   ljmp _main	;jump to C main() function
   111                           psect	cstackCOMMON,class=COMMON,space=1
   112                           global __pcstackCOMMON
   113  0070                     __pcstackCOMMON:
   114                           	global	?_delay
   115  0070                     ?_delay:	; 0 bytes @ 0x0
   116                           	global	?_Latch
   117  0070                     ?_Latch:	; 0 bytes @ 0x0
   118                           	global	?_cmd
   119  0070                     ?_cmd:	; 0 bytes @ 0x0
   120                           	global	?_dat
   121  0070                     ?_dat:	; 0 bytes @ 0x0
   122                           	global	?_main
   123  0070                     ?_main:	; 0 bytes @ 0x0
   124                           	global	delay@i
   125  0070                     delay@i:	; 4 bytes @ 0x0
   126  0070                     	ds	4
   127                           	global	??_delay
   128  0074                     ??_delay:	; 0 bytes @ 0x4
   129  0074                     	ds	4
   130                           	global	??_Latch
   131  0078                     ??_Latch:	; 0 bytes @ 0x8
   132                           	global	??_cmd
   133  0078                     ??_cmd:	; 0 bytes @ 0x8
   134                           	global	??_dat
   135  0078                     ??_dat:	; 0 bytes @ 0x8
   136                           	global	??_main
   137  0078                     ??_main:	; 0 bytes @ 0x8
   138  0078                     	ds	1
   139                           	global	main@ch
   140  0079                     main@ch:	; 1 bytes @ 0x9
   141  0079                     	ds	1
   142 ;;Data sizes: Strings 0, constant 0, data 0, bss 0, persistent 0 stack 0
   143 ;;Auto spaces:   Size  Autos    Used
   144 ;; COMMON          14     10      10
   145 ;; BANK0           80      0       0
   146 ;; BANK1           80      0       0
   147 ;; BANK3           96      0       0
   148 ;; BANK2           96      0       0
   149                           
   150 ;;
   151 ;; Pointer list with targets:
   152                           
   153                           
   154                           
   155 ;;
   156 ;; Critical Paths under _main in COMMON
   157 ;;
   158 ;;   _Latch->_delay
   159 ;;
   160 ;; Critical Paths under _main in BANK0
   161 ;;
   162 ;;   None.
   163 ;;
   164 ;; Critical Paths under _main in BANK1
   165 ;;
   166 ;;   None.
   167 ;;
   168 ;; Critical Paths under _main in BANK3
   169 ;;
   170 ;;   None.
   171 ;;
   172 ;; Critical Paths under _main in BANK2
   173 ;;
   174 ;;   None.
   175                           
   176 ;;
   177 ;;Main: autosize = 0, tempsize = 1, incstack = 0, save=0
   178 ;;
   179                           
   180 ;;
   181 ;;Call Graph Tables:
   182 ;;
   183 ;; ---------------------------------------------------------------------------------
   184 ;; (Depth) Function   	        Calls       Base Space   Used Autos Params    Refs
   185 ;; ---------------------------------------------------------------------------------
   186 ;; (0) _main                                                 2     2      0      45
   187 ;;                                              8 COMMON     2     2      0
   188 ;;                                _cmd
   189 ;;                                _dat
   190 ;; ---------------------------------------------------------------------------------
   191 ;; (1) _dat                                                  0     0      0      15
   192 ;;                              _Latch
   193 ;; ---------------------------------------------------------------------------------
   194 ;; (1) _cmd                                                  0     0      0      15
   195 ;;                              _Latch
   196 ;; ---------------------------------------------------------------------------------
   197 ;; (2) _Latch                                                0     0      0      15
   198 ;;                              _delay
   199 ;; ---------------------------------------------------------------------------------
   200 ;; (3) _delay                                                8     4      4      15
   201 ;;                                              0 COMMON     8     4      4
   202 ;; ---------------------------------------------------------------------------------
   203 ;; Estimated maximum stack depth 3
   204 ;; ---------------------------------------------------------------------------------
   205                           
   206 ;; Call Graph Graphs:
   207                           
   208 ;; _main (ROOT)
   209 ;;   _cmd
   210 ;;     _Latch
   211 ;;       _delay
   212 ;;   _dat
   213 ;;     _Latch
   214 ;;       _delay
   215 ;;
   216                           
   217 ;; Address spaces:
   218                           
   219 ;;Name               Size   Autos  Total    Cost      Usage
   220 ;;BITCOMMON            E      0       0       0        0.0%
   221 ;;EEDATA             100      0       0       0        0.0%
   222 ;;NULL                 0      0       0       0        0.0%
   223 ;;CODE                 0      0       0       0        0.0%
   224 ;;COMMON               E      A       A       1       71.4%
   225 ;;BITSFR0              0      0       0       1        0.0%
   226 ;;SFR0                 0      0       0       1        0.0%
   227 ;;BITSFR1              0      0       0       2        0.0%
   228 ;;SFR1                 0      0       0       2        0.0%
   229 ;;STACK                0      0       3       2        0.0%
   230 ;;ABS                  0      0       0       3        0.0%
   231 ;;BITBANK0            50      0       0       4        0.0%
   232 ;;BITSFR3              0      0       0       4        0.0%
   233 ;;SFR3                 0      0       0       4        0.0%
   234 ;;BANK0               50      0       0       5        0.0%
   235 ;;BITSFR2              0      0       0       5        0.0%
   236 ;;SFR2                 0      0       0       5        0.0%
   237 ;;BITBANK1            50      0       0       6        0.0%
   238 ;;BANK1               50      0       0       7        0.0%
   239 ;;BITBANK3            60      0       0       8        0.0%
   240 ;;BANK3               60      0       0       9        0.0%
   241 ;;BITBANK2            60      0       0      10        0.0%
   242 ;;BANK2               60      0       0      11        0.0%
   243 ;;DATA                 0      0       0      12        0.0%
   244                           
   245                           	global	_main
   246                           psect	maintext,global,class=CODE,delta=2
   247                           global __pmaintext
   248  0796                     __pmaintext:
   249                           
   250 ;; *************** function _main *****************
   251 ;; Defined at:
   252 ;;		line 467 in file "E:\aidifico\PROJECT\attempt4.c"
   253 ;; Parameters:    Size  Location     Type
   254 ;;		None
   255 ;; Auto vars:     Size  Location     Type
   256 ;;  ch              1    9[COMMON] unsigned char 
   257 ;; Return value:  Size  Location     Type
   258 ;;		None               void
   259 ;; Registers used:
   260 ;;		wreg, status,2, status,0, pclath, cstack
   261 ;; Tracked objects:
   262 ;;		On entry : 17F/0
   263 ;;		On exit  : 0/0
   264 ;;		Unchanged: 0/0
   265 ;; Data sizes:     COMMON   BANK0   BANK1   BANK3   BANK2
   266 ;;      Params:         0       0       0       0       0
   267 ;;      Locals:         1       0       0       0       0
   268 ;;      Temps:          1       0       0       0       0
   269 ;;      Totals:         2       0       0       0       0
   270 ;;Total ram usage:        2 bytes
   271 ;; Hardware stack levels required when called:    3
   272 ;; This function calls:
   273 ;;		_cmd
   274 ;;		_dat
   275 ;; This function is called by:
   276 ;;		Startup code after reset
   277 ;; This function uses a non-reentrant model
   278 ;;
   279                           psect	maintext
   280                           	file	"E:\aidifico\PROJECT\attempt4.c"
   281                           	line	467
   282                           	global	__size_of_main
   283  006A                     	__size_of_main	equ	__end_of_main-_main
   284                           	
   285  0796                     _main:	
   286                           	opt	stack 5
   287                           ; Regs used in _main: [wreg+status,2+status,0+pclath+cstack]
   288                           	line	469
   289                           	
   290  0796                     l2768:	
   291                           ;attempt4.c: 468: char ch;
   292                           ;attempt4.c: 469: ANSELH=0X00;
   293  0796  1683               	bsf	status, 5	;RP0=1, select bank3
   294  0797  1703               	bsf	status, 6	;RP1=1, select bank3
   295  0798  0189               	clrf	(393)^0180h	;volatile
   296                           	line	470
   297                           ;attempt4.c: 470: TRISB=0x00;
   298  0799  1683               	bsf	status, 5	;RP0=1, select bank1
   299  079A  1303               	bcf	status, 6	;RP1=0, select bank1
   300  079B  0186               	clrf	(134)^080h	;volatile
   301                           	line	471
   302                           ;attempt4.c: 471: PORTB=0x00;
   303  079C  1283               	bcf	status, 5	;RP0=0, select bank0
   304  079D  1303               	bcf	status, 6	;RP1=0, select bank0
   305  079E  0186               	clrf	(6)	;volatile
   306                           	line	472
   307                           	
   308  079F                     l2770:	
   309                           ;attempt4.c: 472: TRISC=0x81;
   310  079F  3081               	movlw	(081h)
   311  07A0  1683               	bsf	status, 5	;RP0=1, select bank1
   312  07A1  1303               	bcf	status, 6	;RP1=0, select bank1
   313  07A2  0087               	movwf	(135)^080h	;volatile
   314                           	line	473
   315                           	
   316  07A3                     l2772:	
   317                           ;attempt4.c: 473: PORTC=0x00;
   318  07A3  1283               	bcf	status, 5	;RP0=0, select bank0
   319  07A4  1303               	bcf	status, 6	;RP1=0, select bank0
   320  07A5  0187               	clrf	(7)	;volatile
   321                           	line	474
   322                           ;attempt4.c: 474: TRISD=0xF0;
   323  07A6  30F0               	movlw	(0F0h)
   324  07A7  1683               	bsf	status, 5	;RP0=1, select bank1
   325  07A8  1303               	bcf	status, 6	;RP1=0, select bank1
   326  07A9  0088               	movwf	(136)^080h	;volatile
   327                           	line	475
   328                           	
   329  07AA                     l2774:	
   330                           ;attempt4.c: 475: PORTD=0x00;
   331  07AA  1283               	bcf	status, 5	;RP0=0, select bank0
   332  07AB  1303               	bcf	status, 6	;RP1=0, select bank0
   333  07AC  0188               	clrf	(8)	;volatile
   334                           	line	476
   335                           	
   336  07AD                     l2776:	
   337                           ;attempt4.c: 476: TXSTA=0x20;
   338  07AD  3020               	movlw	(020h)
   339  07AE  1683               	bsf	status, 5	;RP0=1, select bank1
   340  07AF  1303               	bcf	status, 6	;RP1=0, select bank1
   341  07B0  0098               	movwf	(152)^080h	;volatile
   342                           	line	477
   343                           	
   344  07B1                     l2778:	
   345                           ;attempt4.c: 477: RCSTA=0x90;
   346  07B1  3090               	movlw	(090h)
   347  07B2  1283               	bcf	status, 5	;RP0=0, select bank0
   348  07B3  1303               	bcf	status, 6	;RP1=0, select bank0
   349  07B4  0098               	movwf	(24)	;volatile
   350                           	line	478
   351                           	
   352  07B5                     l2780:	
   353                           ;attempt4.c: 478: SPBRG=25;
   354  07B5  3019               	movlw	(019h)
   355  07B6  1683               	bsf	status, 5	;RP0=1, select bank1
   356  07B7  1303               	bcf	status, 6	;RP1=0, select bank1
   357  07B8  0099               	movwf	(153)^080h	;volatile
   358                           	line	479
   359                           	
   360  07B9                     l2782:	
   361                           ;attempt4.c: 479: cmd();
   362  07B9  120A  118A  2731   	fcall	_cmd
              120A  118A         
   363                           	line	480
   364                           	
   365  07BE                     l2784:	
   366                           ;attempt4.c: 480: PORTB=0x38;
   367  07BE  3038               	movlw	(038h)
   368  07BF  1283               	bcf	status, 5	;RP0=0, select bank0
   369  07C0  1303               	bcf	status, 6	;RP1=0, select bank0
   370  07C1  0086               	movwf	(6)	;volatile
   371                           	line	481
   372                           	
   373  07C2                     l2786:	
   374                           ;attempt4.c: 481: cmd();
   375  07C2  120A  118A  2731   	fcall	_cmd
              120A  118A         
   376                           	line	482
   377                           	
   378  07C7                     l2788:	
   379                           ;attempt4.c: 482: PORTB=0x0C;
   380  07C7  300C               	movlw	(0Ch)
   381  07C8  1283               	bcf	status, 5	;RP0=0, select bank0
   382  07C9  1303               	bcf	status, 6	;RP1=0, select bank0
   383  07CA  0086               	movwf	(6)	;volatile
   384                           	line	483
   385                           	
   386  07CB                     l2790:	
   387                           ;attempt4.c: 483: cmd();
   388  07CB  120A  118A  2731   	fcall	_cmd
              120A  118A         
   389                           	line	484
   390                           	
   391  07D0                     l2792:	
   392                           ;attempt4.c: 484: PORTB=0x01;
   393  07D0  3001               	movlw	(01h)
   394  07D1  1283               	bcf	status, 5	;RP0=0, select bank0
   395  07D2  1303               	bcf	status, 6	;RP1=0, select bank0
   396  07D3  0086               	movwf	(6)	;volatile
   397                           	line	485
   398                           	
   399  07D4                     l2794:	
   400                           ;attempt4.c: 485: cmd();
   401  07D4  120A  118A  2731   	fcall	_cmd
              120A  118A         
   402                           	line	486
   403                           	
   404  07D9                     l2796:	
   405                           ;attempt4.c: 486: PORTB=0x80;
   406  07D9  3080               	movlw	(080h)
   407  07DA  1283               	bcf	status, 5	;RP0=0, select bank0
   408  07DB  1303               	bcf	status, 6	;RP1=0, select bank0
   409  07DC  0086               	movwf	(6)	;volatile
   410                           	line	487
   411                           	
   412  07DD                     l2798:	
   413                           ;attempt4.c: 487: cmd();
   414  07DD  120A  118A  2731   	fcall	_cmd
              120A  118A         
   415  07E2  2FE3               	goto	l2800
   416                           	line	488
   417                           ;attempt4.c: 488: while(1)
   418                           	
   419  07E3                     l1297:	
   420                           	line	490
   421                           	
   422  07E3                     l2800:	
   423                           ;attempt4.c: 489: {
   424                           ;attempt4.c: 490: RCIF=0;
   425  07E3  1283               	bcf	status, 5	;RP0=0, select bank0
   426  07E4  1303               	bcf	status, 6	;RP1=0, select bank0
   427  07E5  128C               	bcf	(101/8),(101)&7
   428                           	line	491
   429                           ;attempt4.c: 491: while(RCIF==0);
   430  07E6  2FE7               	goto	l1298
   431                           	
   432  07E7                     l1299:	
   433                           	
   434  07E7                     l1298:	
   435  07E7  1E8C               	btfss	(101/8),(101)&7
   436  07E8  2FEA               	goto	u2731
   437  07E9  2FEB               	goto	u2730
   438  07EA                     u2731:
   439  07EA  2FE7               	goto	l1298
   440  07EB                     u2730:
   441  07EB  2FEC               	goto	l2802
   442                           	
   443  07EC                     l1300:	
   444                           	line	492
   445                           	
   446  07EC                     l2802:	
   447                           ;attempt4.c: 492: ch=RCREG;
   448  07EC  081A               	movf	(26),w	;volatile
   449  07ED  00F8               	movwf	(??_main+0)+0
   450  07EE  0878               	movf	(??_main+0)+0,w
   451  07EF  00F9               	movwf	(main@ch)
   452                           	line	493
   453                           ;attempt4.c: 493: PORTB=ch;
   454  07F0  0879               	movf	(main@ch),w
   455  07F1  0086               	movwf	(6)	;volatile
   456                           	line	494
   457                           	
   458  07F2                     l2804:	
   459                           ;attempt4.c: 494: dat();
   460  07F2  120A  118A  273A   	fcall	_dat
              120A  118A         
   461                           	line	495
   462                           	
   463  07F7                     l2806:	
   464                           ;attempt4.c: 495: RD1=1;
   465  07F7  1283               	bcf	status, 5	;RP0=0, select bank0
   466  07F8  1303               	bcf	status, 6	;RP1=0, select bank0
   467  07F9  1488               	bsf	(65/8),(65)&7
   468                           	line	496
   469                           	
   470  07FA                     l2808:	
   471                           ;attempt4.c: 496: RD2=1;
   472  07FA  1508               	bsf	(66/8),(66)&7
   473  07FB  2FE3               	goto	l2800
   474                           	line	501
   475                           	
   476  07FC                     l1301:	
   477                           	line	488
   478  07FC  2FE3               	goto	l2800
   479                           	
   480  07FD                     l1302:	
   481                           	line	502
   482                           	
   483  07FD                     l1303:	
   484                           	global	start
   485  07FD  120A  118A  2800   	ljmp	start
   486                           	opt stack 0
   487                           GLOBAL	__end_of_main
   488  0800                     	__end_of_main:
   489 ;; =============== function _main ends ============
   490                           
   491                           	signat	_main,88
   492                           	global	_dat
   493                           psect	text139,local,class=CODE,delta=2
   494                           global __ptext139
   495  073A                     __ptext139:
   496                           
   497 ;; *************** function _dat *****************
   498 ;; Defined at:
   499 ;;		line 313 in file "E:\aidifico\PROJECT\attempt4.c"
   500 ;; Parameters:    Size  Location     Type
   501 ;;		None
   502 ;; Auto vars:     Size  Location     Type
   503 ;;		None
   504 ;; Return value:  Size  Location     Type
   505 ;;		None               void
   506 ;; Registers used:
   507 ;;		wreg, status,2, status,0, pclath, cstack
   508 ;; Tracked objects:
   509 ;;		On entry : 0/0
   510 ;;		On exit  : 0/0
   511 ;;		Unchanged: 0/0
   512 ;; Data sizes:     COMMON   BANK0   BANK1   BANK3   BANK2
   513 ;;      Params:         0       0       0       0       0
   514 ;;      Locals:         0       0       0       0       0
   515 ;;      Temps:          0       0       0       0       0
   516 ;;      Totals:         0       0       0       0       0
   517 ;;Total ram usage:        0 bytes
   518 ;; Hardware stack levels used:    1
   519 ;; Hardware stack levels required when called:    2
   520 ;; This function calls:
   521 ;;		_Latch
   522 ;; This function is called by:
   523 ;;		_main
   524 ;;		_trans
   525 ;; This function uses a non-reentrant model
   526 ;;
   527                           psect	text139
   528                           	file	"E:\aidifico\PROJECT\attempt4.c"
   529                           	line	313
   530                           	global	__size_of_dat
   531  0009                     	__size_of_dat	equ	__end_of_dat-_dat
   532                           	
   533  073A                     _dat:	
   534                           	opt	stack 5
   535                           ; Regs used in _dat: [wreg+status,2+status,0+pclath+cstack]
   536                           	line	314
   537                           	
   538  073A                     l2764:	
   539                           ;attempt4.c: 314: RD2=1;
   540  073A  1283               	bcf	status, 5	;RP0=0, select bank0
   541  073B  1303               	bcf	status, 6	;RP1=0, select bank0
   542  073C  1508               	bsf	(66/8),(66)&7
   543                           	line	315
   544                           	
   545  073D                     l2766:	
   546                           ;attempt4.c: 315: Latch();
   547  073D  120A  118A  2743   	fcall	_Latch
              120A  118A         
   548                           	line	316
   549                           	
   550  0742                     l1163:	
   551  0742  0008               	return
   552                           	opt stack 0
   553                           GLOBAL	__end_of_dat
   554  0743                     	__end_of_dat:
   555 ;; =============== function _dat ends ============
   556                           
   557                           	signat	_dat,88
   558                           	global	_cmd
   559                           psect	text140,local,class=CODE,delta=2
   560                           global __ptext140
   561  0731                     __ptext140:
   562                           
   563 ;; *************** function _cmd *****************
   564 ;; Defined at:
   565 ;;		line 308 in file "E:\aidifico\PROJECT\attempt4.c"
   566 ;; Parameters:    Size  Location     Type
   567 ;;		None
   568 ;; Auto vars:     Size  Location     Type
   569 ;;		None
   570 ;; Return value:  Size  Location     Type
   571 ;;		None               void
   572 ;; Registers used:
   573 ;;		wreg, status,2, status,0, pclath, cstack
   574 ;; Tracked objects:
   575 ;;		On entry : 0/0
   576 ;;		On exit  : 0/0
   577 ;;		Unchanged: 0/0
   578 ;; Data sizes:     COMMON   BANK0   BANK1   BANK3   BANK2
   579 ;;      Params:         0       0       0       0       0
   580 ;;      Locals:         0       0       0       0       0
   581 ;;      Temps:          0       0       0       0       0
   582 ;;      Totals:         0       0       0       0       0
   583 ;;Total ram usage:        0 bytes
   584 ;; Hardware stack levels used:    1
   585 ;; Hardware stack levels required when called:    2
   586 ;; This function calls:
   587 ;;		_Latch
   588 ;; This function is called by:
   589 ;;		_main
   590 ;;		_trans
   591 ;; This function uses a non-reentrant model
   592 ;;
   593                           psect	text140
   594                           	file	"E:\aidifico\PROJECT\attempt4.c"
   595                           	line	308
   596                           	global	__size_of_cmd
   597  0009                     	__size_of_cmd	equ	__end_of_cmd-_cmd
   598                           	
   599  0731                     _cmd:	
   600                           	opt	stack 5
   601                           ; Regs used in _cmd: [wreg+status,2+status,0+pclath+cstack]
   602                           	line	309
   603                           	
   604  0731                     l2760:	
   605                           ;attempt4.c: 309: RD2=0;
   606  0731  1283               	bcf	status, 5	;RP0=0, select bank0
   607  0732  1303               	bcf	status, 6	;RP1=0, select bank0
   608  0733  1108               	bcf	(66/8),(66)&7
   609                           	line	310
   610                           	
   611  0734                     l2762:	
   612                           ;attempt4.c: 310: Latch();
   613  0734  120A  118A  2743   	fcall	_Latch
              120A  118A         
   614                           	line	311
   615                           	
   616  0739                     l1160:	
   617  0739  0008               	return
   618                           	opt stack 0
   619                           GLOBAL	__end_of_cmd
   620  073A                     	__end_of_cmd:
   621 ;; =============== function _cmd ends ============
   622                           
   623                           	signat	_cmd,88
   624                           	global	_Latch
   625                           psect	text141,local,class=CODE,delta=2
   626                           global __ptext141
   627  0743                     __ptext141:
   628                           
   629 ;; *************** function _Latch *****************
   630 ;; Defined at:
   631 ;;		line 301 in file "E:\aidifico\PROJECT\attempt4.c"
   632 ;; Parameters:    Size  Location     Type
   633 ;;		None
   634 ;; Auto vars:     Size  Location     Type
   635 ;;		None
   636 ;; Return value:  Size  Location     Type
   637 ;;		None               void
   638 ;; Registers used:
   639 ;;		wreg, status,2, status,0, pclath, cstack
   640 ;; Tracked objects:
   641 ;;		On entry : 0/0
   642 ;;		On exit  : 0/0
   643 ;;		Unchanged: 0/0
   644 ;; Data sizes:     COMMON   BANK0   BANK1   BANK3   BANK2
   645 ;;      Params:         0       0       0       0       0
   646 ;;      Locals:         0       0       0       0       0
   647 ;;      Temps:          0       0       0       0       0
   648 ;;      Totals:         0       0       0       0       0
   649 ;;Total ram usage:        0 bytes
   650 ;; Hardware stack levels used:    1
   651 ;; Hardware stack levels required when called:    1
   652 ;; This function calls:
   653 ;;		_delay
   654 ;; This function is called by:
   655 ;;		_cmd
   656 ;;		_dat
   657 ;; This function uses a non-reentrant model
   658 ;;
   659                           psect	text141
   660                           	file	"E:\aidifico\PROJECT\attempt4.c"
   661                           	line	301
   662                           	global	__size_of_Latch
   663  0021                     	__size_of_Latch	equ	__end_of_Latch-_Latch
   664                           	
   665  0743                     _Latch:	
   666                           	opt	stack 5
   667                           ; Regs used in _Latch: [wreg+status,2+status,0+pclath+cstack]
   668                           	line	302
   669                           	
   670  0743                     l2754:	
   671                           ;attempt4.c: 302: RD3=1;
   672  0743  1283               	bcf	status, 5	;RP0=0, select bank0
   673  0744  1303               	bcf	status, 6	;RP1=0, select bank0
   674  0745  1588               	bsf	(67/8),(67)&7
   675                           	line	303
   676                           	
   677  0746                     l2756:	
   678                           ;attempt4.c: 303: delay(50);
   679  0746  3000               	movlw	0
   680  0747  00F3               	movwf	(?_delay+3)
   681  0748  3000               	movlw	0
   682  0749  00F2               	movwf	(?_delay+2)
   683  074A  3000               	movlw	0
   684  074B  00F1               	movwf	(?_delay+1)
   685  074C  3032               	movlw	032h
   686  074D  00F0               	movwf	(?_delay)
   687                           
   688  074E  120A  118A  2764   	fcall	_delay
              120A  118A         
   689                           	line	304
   690                           	
   691  0753                     l2758:	
   692                           ;attempt4.c: 304: RD3=0;
   693  0753  1283               	bcf	status, 5	;RP0=0, select bank0
   694  0754  1303               	bcf	status, 6	;RP1=0, select bank0
   695  0755  1188               	bcf	(67/8),(67)&7
   696                           	line	305
   697                           ;attempt4.c: 305: delay(100);
   698  0756  3000               	movlw	0
   699  0757  00F3               	movwf	(?_delay+3)
   700  0758  3000               	movlw	0
   701  0759  00F2               	movwf	(?_delay+2)
   702  075A  3000               	movlw	0
   703  075B  00F1               	movwf	(?_delay+1)
   704  075C  3064               	movlw	064h
   705  075D  00F0               	movwf	(?_delay)
   706                           
   707  075E  120A  118A  2764   	fcall	_delay
              120A  118A         
   708                           	line	306
   709                           	
   710  0763                     l1157:	
   711  0763  0008               	return
   712                           	opt stack 0
   713                           GLOBAL	__end_of_Latch
   714  0764                     	__end_of_Latch:
   715 ;; =============== function _Latch ends ============
   716                           
   717                           	signat	_Latch,88
   718                           	global	_delay
   719                           psect	text142,local,class=CODE,delta=2
   720                           global __ptext142
   721  0764                     __ptext142:
   722                           
   723 ;; *************** function _delay *****************
   724 ;; Defined at:
   725 ;;		line 3 in file "E:\aidifico\PROJECT\attempt4.c"
   726 ;; Parameters:    Size  Location     Type
   727 ;;  i               4    0[COMMON] unsigned long 
   728 ;; Auto vars:     Size  Location     Type
   729 ;;		None
   730 ;; Return value:  Size  Location     Type
   731 ;;		None               void
   732 ;; Registers used:
   733 ;;		wreg
   734 ;; Tracked objects:
   735 ;;		On entry : 0/0
   736 ;;		On exit  : 0/0
   737 ;;		Unchanged: 0/0
   738 ;; Data sizes:     COMMON   BANK0   BANK1   BANK3   BANK2
   739 ;;      Params:         4       0       0       0       0
   740 ;;      Locals:         0       0       0       0       0
   741 ;;      Temps:          4       0       0       0       0
   742 ;;      Totals:         8       0       0       0       0
   743 ;;Total ram usage:        8 bytes
   744 ;; Hardware stack levels used:    1
   745 ;; This function calls:
   746 ;;		Nothing
   747 ;; This function is called by:
   748 ;;		_Latch
   749 ;;		_dit
   750 ;;		_daa
   751 ;; This function uses a non-reentrant model
   752 ;;
   753                           psect	text142
   754                           	file	"E:\aidifico\PROJECT\attempt4.c"
   755                           	line	3
   756                           	global	__size_of_delay
   757  0032                     	__size_of_delay	equ	__end_of_delay-_delay
   758                           	
   759  0764                     _delay:	
   760                           	opt	stack 5
   761                           ; Regs used in _delay: [wreg]
   762                           	line	4
   763                           	
   764  0764                     l1672:	
   765                           ;attempt4.c: 4: while(i--);
   766  0764  2F66               	goto	l1674
   767                           	
   768  0765                     l1026:	
   769  0765  2F66               	goto	l1674
   770                           	
   771  0766                     l1025:	
   772                           	
   773  0766                     l1674:	
   774  0766  3001               	movlw	01h
   775  0767  00F4               	movwf	((??_delay+0)+0)
   776  0768  3000               	movlw	0
   777  0769  00F5               	movwf	((??_delay+0)+0+1)
   778  076A  3000               	movlw	0
   779  076B  00F6               	movwf	((??_delay+0)+0+2)
   780  076C  3000               	movlw	0
   781  076D  00F7               	movwf	((??_delay+0)+0+3)
   782  076E  0874               	movf	0+(??_delay+0)+0,w
   783  076F  02F0               	subwf	(delay@i),f
   784  0770  0875               	movf	1+(??_delay+0)+0,w
   785  0771  1C03               	skipc
   786  0772  0F75               	incfsz	1+(??_delay+0)+0,w
   787  0773  2F75               	goto	u15
   788  0774  2F76               	goto	u16
   789  0775                     u15:
   790  0775  02F1               	subwf	(delay@i+1),f
   791  0776                     u16:
   792  0776  0876               	movf	2+(??_delay+0)+0,w
   793  0777  1C03               	skipc
   794  0778  0F76               	incfsz	2+(??_delay+0)+0,w
   795  0779  2F7B               	goto	u17
   796  077A  2F7C               	goto	u18
   797  077B                     u17:
   798  077B  02F2               	subwf	(delay@i+2),f
   799  077C                     u18:
   800  077C  0877               	movf	3+(??_delay+0)+0,w
   801  077D  1C03               	skipc
   802  077E  0F77               	incfsz	3+(??_delay+0)+0,w
   803  077F  2F81               	goto	u19
   804  0780  2F82               	goto	u10
   805  0781                     u19:
   806  0781  02F3               	subwf	(delay@i+3),f
   807  0782                     u10:
   808                           
   809  0782  30FF               	movlw	0FFh
   810  0783  0673               	xorwf	((delay@i+3)),w
   811  0784  1D03               	skipz
   812  0785  2F90               	goto	u25
   813  0786  30FF               	movlw	0FFh
   814  0787  0672               	xorwf	((delay@i+2)),w
   815  0788  1D03               	skipz
   816  0789  2F90               	goto	u25
   817  078A  30FF               	movlw	0FFh
   818  078B  0671               	xorwf	((delay@i+1)),w
   819  078C  1D03               	skipz
   820  078D  2F90               	goto	u25
   821  078E  30FF               	movlw	0FFh
   822  078F  0670               	xorwf	((delay@i)),w
   823  0790                     u25:
   824  0790  1D03               	skipz
   825  0791  2F93               	goto	u21
   826  0792  2F94               	goto	u20
   827  0793                     u21:
   828  0793  2F66               	goto	l1674
   829  0794                     u20:
   830  0794  2F95               	goto	l1028
   831                           	
   832  0795                     l1027:	
   833                           	line	5
   834                           	
   835  0795                     l1028:	
   836  0795  0008               	return
   837                           	opt stack 0
   838                           GLOBAL	__end_of_delay
   839  0796                     	__end_of_delay:
   840 ;; =============== function _delay ends ============
   841                           
   842                           	signat	_delay,4216
   843                           psect	text143,local,class=CODE,delta=2
   844                           global __ptext143
   845  0000                     __ptext143:
   846                           	global	btemp
   847  007E                     	btemp set 07Eh
   848                           
   849                           	DABS	1,126,2	;btemp
   850                           	global	wtemp0
   851  007E                     	wtemp0 set btemp


HI-TECH Software PICC Macro Assembler V9.81 build 7503 
Symbol Table                                                                                   Sat Aug 27 16:54:19 2016

                  u10 0782                    u20 0794                    u21 0793                    u15 0775  
                  u16 0776                    u25 0790                    u17 077B                    u18 077C  
                  u19 0781                   _RC1 0039                   _RD0 0040                   _RD1 0041  
                 _RD2 0042                   _RD3 0043                   _RD4 0044                   _RD5 0045  
                 _RD6 0046                   _RD7 0047                   _dat 073A                   _cmd 0731  
                l1025 0766                  l1026 0765                  l1027 0795                  l1028 0795  
                l1300 07EC                  l1301 07FC                  l1302 07FD                  l1303 07FD  
                l1160 0739                  l1163 0742                  l1157 0763                  ?_dat 0070  
                ?_cmd 0070                  l1297 07E3                  l1298 07E7                  l1299 07E7  
                l1672 0764                  l2800 07E3                  l1674 0766                  l2802 07EC  
                l2804 07F2                  l2806 07F7                  l2760 0731                  l2808 07FA  
                l2754 0743                  l2762 0734                  l2770 079F                  l2756 0746  
                l2764 073A                  l2780 07B5                  l2772 07A3                  l2758 0753  
                l2766 073D                  l2790 07CB                  l2782 07B9                  l2774 07AA  
                l2792 07D0                  l2784 07BE                  l2776 07AD                  l2768 0796  
                l2794 07D4                  l2786 07C2                  l2778 07B1                  l2796 07D9  
                l2788 07C7                  l2798 07DD                  u2730 07EB                  u2731 07EA  
                _RCIF 0065                  _TXIF 0064                  _main 0796                  btemp 007E  
                start 0000                 ??_dat 0078                 ??_cmd 0078                 ?_main 0070  
               _RCREG 001A                 _RCSTA 0018                 _SPBRG 0099                 _PORTB 0006  
               _PORTC 0007                 _PORTD 0008                 _TRISB 0086                 _TRISC 0087  
               _TRISD 0088                 _TXREG 0019                 _TXSTA 0098                 _Latch 0743  
               _delay 0764                 status 0003                 wtemp0 007E          __end_of_main 0800  
              ??_main 0078                ?_Latch 0070                ?_delay 0070                _ANSELH 0189  
              delay@i 0070                main@ch 0079         __end_of_Latch 0764        __pcstackCOMMON 0070  
       __end_of_delay 0796               ??_Latch 0078               ??_delay 0074            __pmaintext 0796  
        __size_of_dat 0009          __size_of_cmd 0009  end_of_initialization 072D   start_initialization 072D  
         __end_of_dat 0743           __end_of_cmd 073A             __ptext140 0731             __ptext141 0743  
           __ptext142 0764             __ptext143 0000             __ptext138 0000             __ptext139 073A  
      __size_of_Latch 0021        __size_of_delay 0032         __size_of_main 006A  
